[22:35:35] [main/INFO]: Logging in with username & password
[22:35:39] [main/INFO]: Setting user: Skeeter144
[22:35:40] [Client thread/INFO]: LWJGL Version: 2.9.1
[22:35:44] [Client thread/INFO]: Reloading ResourceManager: Default, FMLFileResourcePack:Forge Mod Loader, FMLFileResourcePack:Minecraft Forge, FMLFileResourcePack:Island Survival
[22:35:45] [Sound Library Loader/INFO]: Sound engine started
[22:35:46] [Client thread/INFO]: Created: 512x256 textures/blocks-atlas
[22:35:46] [Client thread/INFO]: Created: 256x256 textures/items-atlas
[22:35:47] [Client thread/INFO]: Reloading ResourceManager: Default, FMLFileResourcePack:Forge Mod Loader, FMLFileResourcePack:Minecraft Forge, FMLFileResourcePack:Island Survival
[22:35:47] [Client thread/INFO]: Created: 256x256 textures/items-atlas
[22:35:47] [Client thread/INFO]: Created: 512x256 textures/blocks-atlas
[22:35:48] [Sound Library Loader/INFO]: Sound engine started
[22:35:51] [Server thread/INFO]: Starting integrated minecraft server version 1.7.10
[22:35:51] [Server thread/INFO]: Generating keypair
[22:35:51] [Server thread/INFO]: Preparing start region for level 0
[22:35:52] [Server thread/INFO]: Changing view distance to 2, from 10
[22:35:52] [Server thread/INFO]: Skeeter144[local:E:6acc1fe7] logged in with entity id 313 at (-807.3516819398666, 4.0, -825.7093727086926)
[22:35:52] [Server thread/INFO]: Skeeter144 joined the game
[22:36:00] [Client thread/INFO]: Stopping!
[22:36:00] [Server thread/INFO]: Stopping server
[22:36:00] [Server thread/INFO]: Saving players
[22:36:00] [Server thread/INFO]: Saving worlds
[22:36:00] [Server thread/INFO]: Saving chunks for level 'New World'/Overworld
[22:36:00] [Server thread/INFO]: Saving chunks for level 'New World'/Nether
[22:36:00] [Server thread/INFO]: Saving chunks for level 'New World'/The End
